<?xml version="1.0" encoding="utf-8"?><testsuites name="pytest tests"><testsuite name="pytest" errors="0" failures="0" skipped="0" tests="11" time="4.938" timestamp="2026-09-25T08:58:57.654719-03:00" hostname="DESKTOP-JI7OJC6"><testcase classname="tests.test_api" name="test_health" time="2.248" /><testcase classname="tests.test_api" name="test_predict_sin_clave_rechazado" time="0.158" /><testcase classname="tests.test_api" name="test_predict_clave_incorrecta_rechazado" time="0.005" /><testcase classname="tests.test_api" name="test_predict_valido" time="0.070" /><testcase classname="tests.test_api" name="test_predict_invalido_422" time="0.007" /><testcase classname="tests.test_api" name="test_categoria_no_vista_no_falla" time="0.033" /><testcase classname="tests.test_api" name="test_batch_coincide_con_individual" time="0.181" /><testcase classname="tests.test_api" name="test_drift_detecta_periodo_posterior" time="0.137" /><testcase classname="tests.test_api" name="test_drift_estable_en_entrenamiento" time="0.124" /><testcase classname="tests.test_api" name="test_drift_lote_chico_422" time="0.008" /><testcase classname="tests.test_dashboard" name="test_dashboard_renderiza_sin_errores" time="1.489" /></testsuite></testsuites>